<?xml version="1.0" encoding="utf-8"?><testsuites name="pytest tests"><testsuite name="pytest" errors="0" failures="4" skipped="0" tests="17" time="5.214" timestamp="2026-05-11T22:44:52.906039+00:00" hostname="agent-env-f548e7d3-5b9c-495e-9f7e-08cb96127546"><testcase classname="backend.tests.test_api.TestHealthAndBasicEndpoints" name="test_health_endpoint" time="2.064" /><testcase classname="backend.tests.test_api.TestHealthAndBasicEndpoints" name="test_root_endpoint" time="0.107" /><testcase classname="backend.tests.test_api.TestHealthAndBasicEndpoints" name="test_sdk_contract" time="0.100" /><testcase classname="backend.tests.test_api.TestListingsAPI" name="test_get_listings" time="0.124" /><testcase classname="backend.tests.test_api.TestListingsAPI" name="test_get_listings_with_filters" time="0.151" /><testcase classname="backend.tests.test_api.TestListingsAPI" name="test_get_single_listing" time="0.122" /><testcase classname="backend.tests.test_api.TestListingsAPI" name="test_listing_has_required_fields" time="0.109" /><testcase classname="backend.tests.test_api.TestQuoteAPI" name="test_create_quote" time="0.374"><failure message="AssertionError: Quote creation failed: {&quot;detail&quot;:{&quot;code&quot;:&quot;LISTING_NOT_AVAILABLE&quot;,&quot;message&quot;:&quot;This property is not available for the selected dates.&quot;}}&#10;assert 400 == 200&#10; +  where 400 = &lt;Response [400]&gt;.status_code">backend/tests/test_api.py:117: in test_create_quote
    assert response.status_code == 200, f"Quote creation failed: {response.text}"
E   AssertionError: Quote creation failed: {"detail":{"code":"LISTING_NOT_AVAILABLE","message":"This property is not available for the selected dates."}}
E   assert 400 == 200
E    +  where 400 = &lt;Response [400]&gt;.status_code</failure></testcase><testcase classname="backend.tests.test_api.TestQuoteAPI" name="test_get_quote" time="0.346"><failure message="assert 400 == 200&#10; +  where 400 = &lt;Response [400]&gt;.status_code">backend/tests/test_api.py:140: in test_get_quote
    assert create_response.status_code == 200
E   assert 400 == 200
E    +  where 400 = &lt;Response [400]&gt;.status_code</failure></testcase><testcase classname="backend.tests.test_api.TestQuoteAPI" name="test_quote_pricing" time="0.364"><failure message="assert 400 == 200&#10; +  where 400 = &lt;Response [400]&gt;.status_code">backend/tests/test_api.py:159: in test_quote_pricing
    assert response.status_code == 200
E   assert 400 == 200
E    +  where 400 = &lt;Response [400]&gt;.status_code</failure></testcase><testcase classname="backend.tests.test_api.TestCheckoutAPI" name="test_create_checkout_session" time="0.360"><failure message="assert 400 == 200&#10; +  where 400 = &lt;Response [400]&gt;.status_code">backend/tests/test_api.py:185: in test_create_checkout_session
    assert quote_response.status_code == 200
E   assert 400 == 200
E    +  where 400 = &lt;Response [400]&gt;.status_code</failure></testcase><testcase classname="backend.tests.test_api.TestCMSAPI" name="test_get_cms" time="0.119" /><testcase classname="backend.tests.test_api.TestCMSAPI" name="test_get_cms_section" time="0.124" /><testcase classname="backend.tests.test_api.TestContactAPI" name="test_submit_contact" time="0.159" /><testcase classname="backend.tests.test_api.TestContactAPI" name="test_submit_owner_inquiry" time="0.105" /><testcase classname="backend.tests.test_api.TestErrorHandling" name="test_invalid_listing_id" time="0.223" /><testcase classname="backend.tests.test_api.TestErrorHandling" name="test_invalid_quote_payload" time="0.114" /></testsuite></testsuites>