<?xml version="1.0" encoding="utf-8"?><testsuites name="pytest tests"><testsuite name="pytest" errors="0" failures="0" skipped="0" tests="13" time="4.034" timestamp="2026-05-11T23:25:08.733506+00:00" hostname="agent-env-f548e7d3-5b9c-495e-9f7e-08cb96127546"><testcase classname="backend.tests.test_canonical_pricing.TestBasic" name="test_root" time="0.224" /><testcase classname="backend.tests.test_canonical_pricing.TestBasic" name="test_sdk_contract" time="0.173" /><testcase classname="backend.tests.test_canonical_pricing.TestListings" name="test_list" time="0.366" /><testcase classname="backend.tests.test_canonical_pricing.TestListings" name="test_single_no_dates" time="0.120" /><testcase classname="backend.tests.test_canonical_pricing.TestListings" name="test_single_ignores_dates" time="0.123" /><testcase classname="backend.tests.test_canonical_pricing.TestListings" name="test_calendar" time="0.284" /><testcase classname="backend.tests.test_canonical_pricing.TestQuotes" name="test_create_quote" time="0.790" /><testcase classname="backend.tests.test_canonical_pricing.TestQuotes" name="test_rate_plan_invoice_items" time="0.000" /><testcase classname="backend.tests.test_canonical_pricing.TestQuotes" name="test_invalid_coupon" time="0.246" /><testcase classname="backend.tests.test_canonical_pricing.TestQuotes" name="test_delete_coupon_route_exists" time="0.243" /><testcase classname="backend.tests.test_canonical_pricing.TestAddonsRemoved" name="test_addons_endpoint_gone" time="0.129" /><testcase classname="backend.tests.test_canonical_pricing.TestAddonsRemoved" name="test_quote_addons_endpoint_gone" time="0.324" /><testcase classname="backend.tests.test_canonical_pricing.TestAddonsRemoved" name="test_checkout_ignores_addons" time="0.960" /></testsuite></testsuites>